<?xml version="1.0" encoding="UTF-8"?>
<coverage generated="1651098458046" clover="3.2.0">
  <project timestamp="1651098458047" name="All files">
    <metrics statements="30" coveredstatements="15" conditionals="14" coveredconditionals="7" methods="13" coveredmethods="6" elements="57" coveredelements="28" complexity="0" loc="30" ncloc="30" packages="1" files="3" classes="3"/>
    <file name="SongEdit.js" path="/Users/learnacademy/Desktop/StarTunes/app/javascript/components/pages/SongEdit.js">
      <metrics statements="13" coveredstatements="6" conditionals="10" coveredconditionals="5" methods="5" coveredmethods="2"/>
      <line num="7" count="1" type="stmt"/>
      <line num="8" count="1" type="stmt"/>
      <line num="19" count="1" type="stmt"/>
      <line num="20" count="0" type="stmt"/>
      <line num="21" count="0" type="stmt"/>
      <line num="22" count="0" type="stmt"/>
      <line num="25" count="1" type="stmt"/>
      <line num="26" count="0" type="stmt"/>
      <line num="27" count="0" type="stmt"/>
      <line num="30" count="1" type="stmt"/>
      <line num="31" count="0" type="stmt"/>
      <line num="32" count="0" type="stmt"/>
      <line num="36" count="1" type="stmt"/>
    </file>
    <file name="SongIndex.js" path="/Users/learnacademy/Desktop/StarTunes/app/javascript/components/pages/SongIndex.js">
      <metrics statements="7" coveredstatements="4" conditionals="2" coveredconditionals="1" methods="4" coveredmethods="2"/>
      <line num="7" count="1" type="stmt"/>
      <line num="8" count="1" type="stmt"/>
      <line num="13" count="1" type="stmt"/>
      <line num="14" count="0" type="stmt"/>
      <line num="15" count="0" type="stmt"/>
      <line num="19" count="1" type="stmt"/>
      <line num="25" count="0" type="stmt"/>
    </file>
    <file name="SongNew.js" path="/Users/learnacademy/Desktop/StarTunes/app/javascript/components/pages/SongNew.js">
      <metrics statements="10" coveredstatements="5" conditionals="2" coveredconditionals="1" methods="4" coveredmethods="2"/>
      <line num="7" count="2" type="stmt"/>
      <line num="8" count="2" type="stmt"/>
      <line num="17" count="2" type="stmt"/>
      <line num="18" count="0" type="stmt"/>
      <line num="19" count="0" type="stmt"/>
      <line num="20" count="0" type="stmt"/>
      <line num="23" count="2" type="stmt"/>
      <line num="24" count="0" type="stmt"/>
      <line num="25" count="0" type="stmt"/>
      <line num="28" count="2" type="stmt"/>
    </file>
  </project>
</coverage>
