{"/Users/learnacademy/Desktop/StarTunes/app/javascript/components/pages/SongEdit.js": {"path":"/Users/learnacademy/Desktop/StarTunes/app/javascript/components/pages/SongEdit.js","statementMap":{"0":{"start":{"line":7,"column":4},"end":{"line":7,"column":17}},"1":{"start":{"line":8,"column":4},"end":{"line":16,"column":6}},"2":{"start":{"line":19,"column":17},"end":{"line":23,"column":3}},"3":{"start":{"line":20,"column":19},"end":{"line":20,"column":29}},"4":{"start":{"line":21,"column":4},"end":{"line":21,"column":41}},"5":{"start":{"line":22,"column":4},"end":{"line":22,"column":34}},"6":{"start":{"line":25,"column":17},"end":{"line":28,"column":3}},"7":{"start":{"line":26,"column":4},"end":{"line":26,"column":43}},"8":{"start":{"line":27,"column":4},"end":{"line":27,"column":39}},"9":{"start":{"line":30,"column":17},"end":{"line":33,"column":3}},"10":{"start":{"line":31,"column":4},"end":{"line":31,"column":45}},"11":{"start":{"line":32,"column":4},"end":{"line":32,"column":36}},"12":{"start":{"line":36,"column":4},"end":{"line":80,"column":5}}},"fnMap":{"0":{"name":"(anonymous_0)","decl":{"start":{"line":6,"column":2},"end":{"line":6,"column":3}},"loc":{"start":{"line":6,"column":21},"end":{"line":17,"column":3}},"line":6},"1":{"name":"(anonymous_1)","decl":{"start":{"line":19,"column":17},"end":{"line":19,"column":18}},"loc":{"start":{"line":19,"column":24},"end":{"line":23,"column":3}},"line":19},"2":{"name":"(anonymous_2)","decl":{"start":{"line":25,"column":17},"end":{"line":25,"column":18}},"loc":{"start":{"line":25,"column":23},"end":{"line":28,"column":3}},"line":25},"3":{"name":"(anonymous_3)","decl":{"start":{"line":30,"column":17},"end":{"line":30,"column":18}},"loc":{"start":{"line":30,"column":23},"end":{"line":33,"column":3}},"line":30},"4":{"name":"(anonymous_4)","decl":{"start":{"line":35,"column":2},"end":{"line":35,"column":3}},"loc":{"start":{"line":35,"column":11},"end":{"line":81,"column":3}},"line":35}},"branchMap":{"0":{"loc":{"start":{"line":10,"column":15},"end":{"line":10,"column":42}},"type":"binary-expr","locations":[{"start":{"line":10,"column":15},"end":{"line":10,"column":36}},{"start":{"line":10,"column":40},"end":{"line":10,"column":42}}],"line":10},"1":{"loc":{"start":{"line":11,"column":16},"end":{"line":11,"column":44}},"type":"binary-expr","locations":[{"start":{"line":11,"column":16},"end":{"line":11,"column":38}},{"start":{"line":11,"column":42},"end":{"line":11,"column":44}}],"line":11},"2":{"loc":{"start":{"line":12,"column":15},"end":{"line":12,"column":42}},"type":"binary-expr","locations":[{"start":{"line":12,"column":15},"end":{"line":12,"column":36}},{"start":{"line":12,"column":40},"end":{"line":12,"column":42}}],"line":12},"3":{"loc":{"start":{"line":73,"column":11},"end":{"line":73,"column":63}},"type":"binary-expr","locations":[{"start":{"line":73,"column":11},"end":{"line":73,"column":31}},{"start":{"line":73,"column":35},"end":{"line":73,"column":63}}],"line":73},"4":{"loc":{"start":{"line":77,"column":11},"end":{"line":77,"column":61}},"type":"binary-expr","locations":[{"start":{"line":77,"column":11},"end":{"line":77,"column":29}},{"start":{"line":77,"column":33},"end":{"line":77,"column":61}}],"line":77}},"s":{"0":1,"1":1,"2":1,"3":0,"4":0,"5":0,"6":1,"7":0,"8":0,"9":1,"10":0,"11":0,"12":1},"f":{"0":1,"1":0,"2":0,"3":0,"4":1},"b":{"0":[1,0],"1":[1,0],"2":[1,0],"3":[1,0],"4":[1,0]},"_coverageSchema":"1a1c01bbd47fc00a2c39e90264f33305004495a9","hash":"9b4fe7e9a00081ba288f408d925d8a5b3a3afeb4"}
,"/Users/learnacademy/Desktop/StarTunes/app/javascript/components/pages/SongIndex.js": {"path":"/Users/learnacademy/Desktop/StarTunes/app/javascript/components/pages/SongIndex.js","statementMap":{"0":{"start":{"line":7,"column":4},"end":{"line":7,"column":16}},"1":{"start":{"line":8,"column":4},"end":{"line":10,"column":5}},"2":{"start":{"line":13,"column":17},"end":{"line":16,"column":3}},"3":{"start":{"line":14,"column":4},"end":{"line":14,"column":45}},"4":{"start":{"line":15,"column":4},"end":{"line":15,"column":36}},"5":{"start":{"line":19,"column":4},"end":{"line":48,"column":6}},"6":{"start":{"line":25,"column":14},"end":{"line":44,"column":16}}},"fnMap":{"0":{"name":"(anonymous_0)","decl":{"start":{"line":6,"column":2},"end":{"line":6,"column":3}},"loc":{"start":{"line":6,"column":21},"end":{"line":11,"column":3}},"line":6},"1":{"name":"(anonymous_1)","decl":{"start":{"line":13,"column":17},"end":{"line":13,"column":18}},"loc":{"start":{"line":13,"column":23},"end":{"line":16,"column":3}},"line":13},"2":{"name":"(anonymous_2)","decl":{"start":{"line":18,"column":2},"end":{"line":18,"column":3}},"loc":{"start":{"line":18,"column":11},"end":{"line":49,"column":3}},"line":18},"3":{"name":"(anonymous_3)","decl":{"start":{"line":24,"column":33},"end":{"line":24,"column":34}},"loc":{"start":{"line":24,"column":43},"end":{"line":45,"column":13}},"line":24}},"branchMap":{"0":{"loc":{"start":{"line":23,"column":11},"end":{"line":45,"column":14}},"type":"binary-expr","locations":[{"start":{"line":23,"column":11},"end":{"line":23,"column":27}},{"start":{"line":24,"column":12},"end":{"line":45,"column":14}}],"line":23}},"s":{"0":1,"1":1,"2":1,"3":0,"4":0,"5":1,"6":0},"f":{"0":1,"1":0,"2":1,"3":0},"b":{"0":[1,0]},"_coverageSchema":"1a1c01bbd47fc00a2c39e90264f33305004495a9","hash":"cf84012f851de2a079cff0fa609c2fcb08823f70"}
,"/Users/learnacademy/Desktop/StarTunes/app/javascript/components/pages/SongNew.js": {"path":"/Users/learnacademy/Desktop/StarTunes/app/javascript/components/pages/SongNew.js","statementMap":{"0":{"start":{"line":7,"column":4},"end":{"line":7,"column":17}},"1":{"start":{"line":8,"column":4},"end":{"line":15,"column":6}},"2":{"start":{"line":17,"column":17},"end":{"line":21,"column":3}},"3":{"start":{"line":18,"column":19},"end":{"line":18,"column":29}},"4":{"start":{"line":19,"column":4},"end":{"line":19,"column":41}},"5":{"start":{"line":20,"column":4},"end":{"line":20,"column":34}},"6":{"start":{"line":23,"column":17},"end":{"line":26,"column":3}},"7":{"start":{"line":24,"column":4},"end":{"line":24,"column":43}},"8":{"start":{"line":25,"column":4},"end":{"line":25,"column":39}},"9":{"start":{"line":28,"column":4},"end":{"line":68,"column":5}}},"fnMap":{"0":{"name":"(anonymous_0)","decl":{"start":{"line":6,"column":2},"end":{"line":6,"column":3}},"loc":{"start":{"line":6,"column":21},"end":{"line":16,"column":3}},"line":6},"1":{"name":"(anonymous_1)","decl":{"start":{"line":17,"column":17},"end":{"line":17,"column":18}},"loc":{"start":{"line":17,"column":24},"end":{"line":21,"column":3}},"line":17},"2":{"name":"(anonymous_2)","decl":{"start":{"line":23,"column":17},"end":{"line":23,"column":18}},"loc":{"start":{"line":23,"column":23},"end":{"line":26,"column":3}},"line":23},"3":{"name":"(anonymous_3)","decl":{"start":{"line":27,"column":2},"end":{"line":27,"column":3}},"loc":{"start":{"line":27,"column":11},"end":{"line":69,"column":3}},"line":27}},"branchMap":{"0":{"loc":{"start":{"line":65,"column":11},"end":{"line":65,"column":63}},"type":"binary-expr","locations":[{"start":{"line":65,"column":11},"end":{"line":65,"column":31}},{"start":{"line":65,"column":35},"end":{"line":65,"column":63}}],"line":65}},"s":{"0":2,"1":2,"2":2,"3":0,"4":0,"5":0,"6":2,"7":0,"8":0,"9":2},"f":{"0":2,"1":0,"2":0,"3":2},"b":{"0":[2,0]},"_coverageSchema":"1a1c01bbd47fc00a2c39e90264f33305004495a9","hash":"c1112ee8a4c2997d536c1439c433b22a05bd992b"}
}
